   SW   perc perc perc  query          position in query        matching          repeat               position in repeat
score   div. del. ins.  sequence       begin  end      (left)   repeat            class/family      begin   end    (left)  ID

  670   24.8  0.0  0.2  scaffold10970    2053   2317 (100755) + (CA)n             Simple_repeat           1    264    (0)   1  
   12   21.7  0.0  0.0  scaffold10970    3020   3051 (100021) + (TTATAA)n         Simple_repeat           1     32    (0)   2  
  505   32.2  1.8  1.6  scaffold10970    7560   7949  (95123) C Tx1-4_CGi         LINE/L1-Tx1        (2329)   3696   3372   3  
  261   30.3  5.3  3.3  scaffold10970   10195  10460  (92612) C Tx1-2_CGi         LINE/L1-Tx1        (2023)   2956   2686   4  
   27    7.1  2.1  2.1  scaffold10970   10827  10873  (92199) + (ATT)n            Simple_repeat           1     47    (0)   5  
   77    0.0  0.0  0.0  scaffold10970   12491  12558  (90514) + (TAAC)n           Simple_repeat           1     68    (0)   6  
   12   17.6  3.1  0.0  scaffold10970   17918  17949  (85123) + (TTGTAT)n         Simple_repeat           1     33    (0)   7  
   14   19.7  2.8  0.0  scaffold10970   19206  19241  (83831) + (TATA)n           Simple_repeat           1     37    (0)   8  
   12   17.4  0.0  5.9  scaffold10970   20419  20454  (82618) + (ATA)n            Simple_repeat           1     34    (0)   9  
   54    2.0  0.0  0.0  scaffold10970   21811  21861  (81211) + (AC)n             Simple_repeat           1     51    (0)  10  
  493   16.7  0.0  0.0  scaffold10970   22652  22759  (80313) + (TGAG)n           Simple_repeat           3    110    (0)  11  
  228   17.1  0.0 16.7  scaffold10970   22837  22899  (80173) + RTEX-16_CGi       LINE/RTE-X           4439   4492  (339)  12  
   12   29.6  0.0  0.0  scaffold10970   23378  23422  (79650) + A-rich            Low_complexity          1     45    (0)  13  
   23   13.3  1.4 12.1  scaffold10970   24305  24377  (78695) + (TA)n             Simple_repeat           1     66    (0)  14  
  382   33.2  2.6  0.8  scaffold10970   30992  31222  (71850) + Gypsy-37_CGi-I    LTR/Gypsy            3423   3657 (1019)  15  
  460   18.9  4.3  3.5  scaffold10970   31223  31337  (71735) + DNA4-4C_CGi       DNA                     1    116 (4104)  16  
  285   24.5 12.8  0.0  scaffold10970   34850  34943  (68129) C DNA4-4C_CGi       DNA                (4114)    106      1  17  
  322   34.0  2.7  2.2  scaffold10970   35107  35601  (67471) + Gypsy-37_CGi-I    LTR/Gypsy            4299   4427  (278)  15  
   12    3.5 13.3  0.0  scaffold10970   42862  42891  (60181) + (ATACCT)n         Simple_repeat           1     34    (0)  18  
   12   22.6  5.7  1.8  scaffold10970   46301  46353  (56719) + (TGAATA)n         Simple_repeat           1     55    (0)  19  
   11   15.4  8.9  2.1  scaffold10970   57301  57345  (45727) + (TATATAG)n        Simple_repeat           1     48    (0)  20  
  253   25.9  0.0  0.0  scaffold10970   58656  58709  (44363) C Gypsy-83_CGi-I    LTR/Gypsy          (2496)   3609   3556  21  
   32    5.2  2.5  0.0  scaffold10970   59538  59577  (43495) + (TA)n             Simple_repeat           1     41    (0)  22  
   14   13.7  3.1  0.0  scaffold10970   60286  60318  (42754) + (TTTCAA)n         Simple_repeat           1     34    (0)  23  
   27   23.9  4.3  2.1  scaffold10970   65527  65618  (37454) + (AT)n             Simple_repeat           1     94    (0)  24  
   15   19.5  0.0  0.0  scaffold10970   67956  67990  (35082) + (TTTCTA)n         Simple_repeat           1     35    (0)  25  
   12   30.3  0.0  2.0  scaffold10970   71341  71390  (31682) + A-rich            Low_complexity          1     49    (0)  26  
   15   12.6  0.0  3.7  scaffold10970   72478  72505  (30567) + (TA)n             Simple_repeat           1     27    (0)  27  
   12   23.7  0.0  6.4  scaffold10970   73047  73096  (29976) + A-rich            Low_complexity          1     47    (0)  28  
   14   17.4  2.4  2.4  scaffold10970   73490  73530  (29542) + (AACACAA)n        Simple_repeat           1     41    (0)  29  
   12   10.3  0.0 11.4  scaffold10970   81396  81434  (21638) + (AATTAA)n         Simple_repeat           1     35    (0)  30  
   12   17.5  3.1  0.0  scaffold10970   86089  86120  (16952) + (TTCTTT)n         Simple_repeat           1     33    (0)  31  
   12   25.2  2.4  0.0  scaffold10970   88167  88208  (14864) + (TTATAT)n         Simple_repeat           1     43    (0)  32  
   11   14.2  0.0  8.8  scaffold10970   92227  92263  (10809) + A-rich            Low_complexity          1     34    (0)  33  
  232   30.4  0.0  3.4  scaffold10970   95529  95712   (7360) + (CACCAT)n         Simple_repeat           2    179    (0)  34  
   19   14.7  2.0  4.2  scaffold10970   99244  99292   (3780) + (TTTATTA)n        Simple_repeat           1     48    (0)  35  
   23    7.4  4.4  2.2  scaffold10970   99328  99372   (3700) + (ATCA)n           Simple_repeat           1     46    (0)  36  
   24   23.8  1.2  3.9  scaffold10970  100626 100705   (2367) + (TAT)n            Simple_repeat           1     78    (0)  37  
  619   20.5  1.2  0.4  scaffold10970  100711 100932   (2140) + (TAG)n            Simple_repeat           1    223    (0)  38  
   78   10.5  0.7  0.7  scaffold10970  101137 101271   (1801) + (TAGTAG)n         Simple_repeat           1    135    (0)  39  
   13   22.3  0.0  2.6  scaffold11875    5169   5207  (66280) + (TTTATA)n         Simple_repeat           1     38    (0)  40  
   13   26.2  0.0  5.7  scaffold11875   10597  10652  (60835) + (ATAACAA)n        Simple_repeat           1     53    (0)  41  
   18   17.8  0.0  0.0  scaffold11875   12439  12495  (58992) + (TAC)n            Simple_repeat           1     57    (0)  42  
   12   13.9  0.0  0.0  scaffold11875   12830  12853  (58634) + (CTA)n            Simple_repeat           1     24    (0)  43  
   18    0.0  0.0  0.0  scaffold11875   13103  13122  (58365) + (A)n              Simple_repeat           1     20    (0)  44  
   62    1.8  0.0  0.0  scaffold11875   17316  17372  (54115) + (AG)n             Simple_repeat           1     57    (0)  45  
   27   24.4  3.5  6.2  scaffold11875   18633  18771  (52716) + A-rich            Low_complexity          1    135    (0)  46  
  446   35.6  0.0  1.5  scaffold11875   21312  21502  (49985) + (CAGCG)n          Simple_repeat           1    188    (0)  47  
   12   13.7  2.8  5.7  scaffold11875   21510  21545  (49942) + A-rich            Low_complexity          1     35    (0)  48  
   13   13.3  0.0  8.3  scaffold11875   25950  25988  (45499) + (AATAT)n          Simple_repeat           1     36    (0)  49  
   16   26.2  4.0  2.6  scaffold11875   27963  28038  (43449) + A-rich            Low_complexity          1     77    (0)  50  
   12   31.0  0.0  3.5  scaffold11875   31849  31907  (39580) + A-rich            Low_complexity          1     57    (0)  51  
   16    5.2  0.0  0.0  scaffold11875   33007  33026  (38461) + (A)n              Simple_repeat           1     20    (0)  52  
   18   14.9  0.0  0.0  scaffold11875   36010  36039  (35448) + (A)n              Simple_repeat           1     30    (0)  53  
   59    3.5  0.0  0.0  scaffold11875   38353  38411  (33076) + (GA)n             Simple_repeat           1     59    (0)  54  
   31    6.5  2.0  2.0  scaffold11875   56983  57032  (14455) + (TCA)n            Simple_repeat           1     50    (0)  55  
  319   28.3  0.8  0.0  scaffold11875   57128  57154  (14333) + (ATG)n            Simple_repeat           3     29    (0)  56  
   33    8.8  0.0  0.0  scaffold11875   57155  57203  (14284) + (TGATAA)n         Simple_repeat           1     49    (0)  57  
  319   28.3  0.8  0.0  scaffold11875   57204  57295  (14192) + (ATG)n            Simple_repeat           3     95    (0)  58  
   16   16.9  3.0  0.0  scaffold11875   67891  67923   (3564) + (AC)n             Simple_repeat           1     34    (0)  59  
   41    0.0  0.0  0.0  scaffold11875   69759  69793   (1694) + (TC)n             Simple_repeat           1     35    (0)  60  
   13   13.9  2.9  2.9  scaffold15463    2007   2040  (92950) + (ATATTC)n         Simple_repeat           1     34    (0)  61  
  236   19.8  0.0  6.6  scaffold15463   10861  10925  (84065) + DNA4-4B_CGi       DNA                  1389   1449 (2832)  62  
   16    0.0  0.0  0.0  scaffold15463   11982  11999  (82991) + (C)n              Simple_repeat           1     18    (0)  63  
   12   15.9  5.7  0.0  scaffold15463   12345  12379  (82611) + (ATTTAAC)n        Simple_repeat           1     37    (0)  64  
  250   28.6  9.5  3.8  scaffold15463   18326  18622  (76368) + Helitron-N12_CGi  RC/Helitron          1813   2134  (564)  65 *
  663   26.5  0.4  5.4  scaffold15463   18344  18351  (76639) + (TATTG)n          Simple_repeat           1     30  (419)  66  
  241   25.5  9.8  6.0  scaffold15463   18352  18718  (76272) + DNA4-4B_CGi       DNA                  2189   2568 (1713)  67  
  663   26.5  0.4  5.4  scaffold15463   18719  18816  (76174) + (TATTG)n          Simple_repeat          31    449    (0)  66  
  427   16.2  0.0  0.0  scaffold15463   24205  24371  (70619) + (CA)n             Simple_repeat           2    168    (0)  68  
   13    7.5  0.0  9.7  scaffold15463   27111  27144  (67846) + (TTATAT)n         Simple_repeat           1     31    (0)  69  
   12    7.0  5.9  5.9  scaffold15463   29903  29936  (65054) + (TTATAT)n         Simple_repeat           1     34    (0)  70  
   21   10.7  0.0  0.0  scaffold15463   37481  37510  (57480) + (A)n              Simple_repeat           1     30    (0)  71  
   15   17.9  0.0  5.0  scaffold15463   40683  40724  (54266) + (TTAT)n           Simple_repeat           1     40    (0)  72  
   14    4.0  7.7  0.0  scaffold15463   40992  41017  (53973) + (AAC)n            Simple_repeat           1     28    (0)  73  
   55    0.0  0.0  0.0  scaffold15463   44399  44445  (50545) + (TG)n             Simple_repeat           1     47    (0)  74  
   18   16.1  5.8  3.8  scaffold15463   45241  45292  (49698) + (TA)n             Simple_repeat           1     53    (0)  75  
   15   13.7  0.0  0.0  scaffold15463   46299  46322  (48668) + (C)n              Simple_repeat           1     24    (0)  76  
   15   19.9  0.0  0.0  scaffold15463   46965  46993  (47997) + A-rich            Low_complexity          1     29    (0)  77  
   16   18.5  7.9  1.5  scaffold15463   47118  47180  (47810) + (AATTGTA)n        Simple_repeat           1     67    (0)  78  
   16    3.0 11.8  0.0  scaffold15463   53652  53685  (41305) + (CATTGGT)n        Simple_repeat           1     38    (0)  79  
   16   13.6  0.0  9.1  scaffold15463   54452  54499  (40491) + (AATTT)n          Simple_repeat           1     44    (0)  80  
  297   35.2  1.1  1.1  scaffold15463   61580  61760  (33230) + Kolobok-2_CGi     DNA/Kolobok-T2       4835   5015 (3156)  81  
   13   17.8  5.3  0.0  scaffold15463   65833  65870  (29120) + (TTTACA)n         Simple_repeat           1     40    (0)  82  
   13    3.7 10.7  0.0  scaffold15463   66910  66937  (28053) + (TTTTAA)n         Simple_repeat           1     31    (0)  83  
   18   15.8  5.5  5.5  scaffold15463   70184  70238  (24752) + (AT)n             Simple_repeat           1     55    (0)  84  
  432   29.1  2.9  3.7  scaffold15463   74796  75058  (19932) C Mariner-2_CGi     DNA/TcMar-Mariner   (891)   1034    759  85  
  294   22.2  1.2  7.8  scaffold15463   79584  79635  (15355) + Helitron-N43_CGi  RC/Helitron           282    385  (575)  86  
  319   17.5  3.3  6.7  scaffold15463   79636  79727  (15263) + Sola3-1_CGi       DNA/Sola-3           3348   3436 (5436)  87  
  255   25.0  2.0  4.1  scaffold15463   80433  80532  (14458) + Helitron-N2e_CGi  RC/Helitron           283    380 (1141)  88  
  247   20.3  3.5  7.3  scaffold15463   80481  80565  (14425) + Sola3-1_CGi       DNA/Sola-3           3348   3429 (5443)  89 *
  277    5.6  0.0  0.0  scaffold15463   80677  80712  (14278) + Helitron-N2e_CGi  RC/Helitron          1486   1521    (0)  90  
  245   24.3  1.4  1.4  scaffold15463   81227  81297  (13693) + Helitron-N39_CGi  RC/Helitron           246    316 (2735)  91  
  238   26.2  0.0  0.0  scaffold15463   81555  81615  (13375) + Helitron-N52_CGi  RC/Helitron           108    168 (2851)  92  
  312   30.8 10.1  2.0  scaffold15463   81808  81996  (12994) + Helitron-N2d_CGi  RC/Helitron          1084   1239 (1180)  93  
  266   26.8  4.8  7.4  scaffold15463   88368  88492   (6498) + CR1-7_CGi         LINE/CR1-Zenon       1671   1792 (1605)  94  
   23    3.7  0.0  0.0  scaffold15463   94963  94990      (0) + (TA)n             Simple_repeat           1     28    (0)  95  
   12   16.8  0.0  0.0  scaffold18558    1632   1658  (71621) + (TTTA)n           Simple_repeat           1     27    (0)  96  
  225   28.1  0.0  0.0  scaffold18558    2654   2717  (70562) C Mariner-26_CGi    DNA/TcMar-Tc1       (711)    797    734  97  
  267   26.5  5.4  7.0  scaffold18558    5840   5969  (67310) + Mariner-27_CGi    DNA/TcMar-Tc1        1035   1162  (372)  98  
  230   32.8  0.9  5.7  scaffold18558    9014   9123  (64156) C CR1-13_CGi        LINE/CR1-Zenon     (1367)   2852   2748  99  
  250   24.7  4.7  4.7  scaffold18558   11937  12021  (61258) C Mariner-27_CGi    DNA/TcMar-Tc1       (376)   1158   1074 100  
   22    3.0  8.8  0.0  scaffold18558   13911  13944  (59335) + (TG)n             Simple_repeat           1     37    (0) 101  
   16    0.0  0.0  0.0  scaffold18558   15163  15180  (58099) + (TA)n             Simple_repeat           1     18    (0) 102  
  240   31.0  2.2  4.5  scaffold18558   16736  16870  (56409) + Mariner-26_CGi    DNA/TcMar-Tc1        1001   1132  (376) 103  
   15   20.0  0.0  0.0  scaffold18558   25597  25625  (47654) + (T)n              Simple_repeat           1     29    (0) 104  
   19   11.9  2.7  0.0  scaffold18558   25849  25885  (47394) + (CTGT)n           Simple_repeat           1     38    (0) 105  
   15   10.0  9.4  0.0  scaffold18558   28727  28758  (44521) + (AT)n             Simple_repeat           1     35    (0) 106  
   12   12.7  2.5  7.9  scaffold18558   31679  31718  (41561) + A-rich            Low_complexity          1     38    (0) 107  
   17    7.5  0.0  3.5  scaffold18558   33042  33071  (40208) + (ATTG)n           Simple_repeat           1     29    (0) 108  
   16    0.0  0.0  0.0  scaffold18558   40109  40126  (33153) + (TG)n             Simple_repeat           1     18    (0) 109  
   15   25.6  4.3  4.3  scaffold18558   45444  45513  (27766) + (AT)n             Simple_repeat           1     70    (0) 110  
   15   17.1  0.0  7.1  scaffold18558   45499  45543  (27736) + (TATT)n           Simple_repeat           1     42    (0) 111  
   60    0.0  0.0  0.0  scaffold18558   52069  52119  (21160) + (CT)n             Simple_repeat           1     51    (0) 112  
   17    3.2  9.4  0.0  scaffold18558   54180  54211  (19068) + (CACG)n           Simple_repeat           1     35    (0) 113  
   29   16.2  0.0  0.0  scaffold18558   61223  61243  (12036) + (ACAC)n           Simple_repeat           1     21    (0) 114  
   71    0.0  0.0  0.0  scaffold18558   61244  61306  (11973) + (CACT)n           Simple_repeat           1     63    (0) 115  
   29   16.2  0.0  0.0  scaffold18558   61307  61341  (11938) + (ACAC)n           Simple_repeat           2     36    (0) 116  
  272   24.1  0.9  3.5  scaffold18558   62925  63040  (10239) C DNA8-2C_CGi       DNA/hAT-Ac          (416)    829    717 117 *
  280   18.1  0.0  0.0  scaffold18558   62972  63065  (10214) C Tx1-1_CGi         LINE/L1-Tx1         (160)   6022   5929 118  
  249   18.6  0.0  0.0  scaffold18558   62986  63082  (10197) + GA-rich           Low_complexity         74    170    (0) 119 *
   28    3.3  0.0  0.0  scaffold18558   64009  64039   (9240) + (ATT)n            Simple_repeat           1     31    (0) 120  
   29    0.0  0.0  0.0  scaffold19489       1     25  (87998) + (TA)n             Simple_repeat           1     25    (0) 121  
   15    4.7  4.5  0.0  scaffold19489    7963   7984  (80039) + (AT)n             Simple_repeat           1     23    (0) 122  
   13   24.2  0.0  0.0  scaffold19489    8389   8427  (79596) + (TTTATAA)n        Simple_repeat           1     39    (0) 123  
   16   22.7  2.2  0.0  scaffold19489   10263  10308  (77715) + (TTTAT)n          Simple_repeat           1     47    (0) 124  
   13   13.1  0.0  0.0  scaffold19489   16303  16327  (71696) + (TCAA)n           Simple_repeat           1     25    (0) 125  
   15    7.8  0.0  3.6  scaffold19489   22212  22240  (65783) + (ATGTA)n          Simple_repeat           1     28    (0) 126  
   13   12.4 10.9  2.0  scaffold19489   22325  22370  (65653) + (TATG)n           Simple_repeat           1     50    (0) 127  
   20   29.6  1.6  0.0  scaffold19489   23095  23156  (64867) + (TA)n             Simple_repeat           1     63    (0) 128  
  458   13.7  7.8  3.6  scaffold19489   23659  23786  (64237) C RTEX-7_CGi        LINE/RTE-X            (0)   3997   3889 129  
  225   33.3  0.0  0.0  scaffold19489   27508  27570  (60453) + (CATG)n           Simple_repeat           1     63    (0) 130  
   15    4.1  0.0  7.4  scaffold19489   30414  30442  (57581) + (GTT)n            Simple_repeat           1     27    (0) 131  
   14   17.2  5.1  0.0  scaffold19489   30933  30971  (57052) + A-rich            Low_complexity          1     41    (0) 132  
   19    4.5  0.0  0.0  scaffold19489   32175  32197  (55826) + (A)n              Simple_repeat           1     23    (0) 133  
   18   30.8  0.0  0.0  scaffold19489   32468  32519  (55504) + GA-rich           Low_complexity          1     52    (0) 134  
   11   25.3  0.0  4.5  scaffold19489   41607  41652  (46371) + A-rich            Low_complexity          1     44    (0) 135  
   17    8.7  0.0  3.9  scaffold19489   44598  44624  (43399) + (AT)n             Simple_repeat           1     26    (0) 136  
   12   28.7  0.0  2.3  scaffold19489   44625  44642  (43381) + (ATTT)n           Simple_repeat           1     44    (0) 137  
   23   17.0  0.0  0.0  scaffold19489   47034  47110  (40913) + (CAATT)n          Simple_repeat           1     77    (0) 138  
   15   12.2  0.0  0.0  scaffold19489   47287  47313  (40710) + (ATTC)n           Simple_repeat           1     27    (0) 139  
   13   13.7 14.3  0.0  scaffold19489   47911  47966  (40057) + (ATTCATT)n        Simple_repeat           1     64    (0) 140  
   20   18.5  0.0  0.0  scaffold19489   48550  48592  (39431) + (ACAAG)n          Simple_repeat           1     43    (0) 141  
   33   14.5  6.7  3.3  scaffold19489   50435  50523  (37500) + (TA)n             Simple_repeat           1     92    (0) 142  
   17   23.5  6.1  3.6  scaffold19489   51048  51130  (36893) + (TACA)n           Simple_repeat           1     85    (0) 143  
   13    9.1  8.1  2.6  scaffold19489   51562  51598  (36425) + (TTATAA)n         Simple_repeat           1     39    (0) 144  
   14   15.3  0.0  0.0  scaffold19489   54461  54489  (33534) + (TATG)n           Simple_repeat           1     29    (0) 145  
   16    7.5  7.1  0.0  scaffold19489   56564  56591  (31432) + (AT)n             Simple_repeat           1     30    (0) 146  
  241   30.2  1.6  1.6  scaffold19489   58988  59115  (28908) C RTEX-5_CGi        LINE/RTE-X         (1577)    497    370 147  
   14   25.1  2.1  0.0  scaffold19489   60583  60629  (27394) + (ATTTTA)n         Simple_repeat           1     48    (0) 148  
   18    0.0  0.0  0.0  scaffold19489   61222  61243  (26780) + (TTA)n            Simple_repeat           1     22    (0) 149  
   16    8.2  0.0  0.0  scaffold19489   61268  61293  (26730) + (TTGTT)n          Simple_repeat           1     26    (0) 150  
   23   16.1  1.6  5.1  scaffold19489   63416  63476  (24547) + (AATA)n           Simple_repeat           1     59    (0) 151  
   16   25.0  6.1  0.0  scaffold19489   64836  64901  (23122) + (TACA)n           Simple_repeat           1     70    (0) 152  
  537   26.2 14.6  5.8  scaffold19489   65127  65620  (22403) + Helitron-N2e_CGi  RC/Helitron            17    551  (970) 153  
   15   16.5  2.9  0.0  scaffold19489   68226  68259  (19764) + (ATG)n            Simple_repeat           1     35    (0) 154  
   17    5.0  0.0  0.0  scaffold19489   69615  69635  (18388) + (TA)n             Simple_repeat           1     21    (0) 155  
   15   30.9  2.7  1.4  scaffold19489   72729  72801  (15222) + (ATAA)n           Simple_repeat           1     74    (0) 156  
   19   13.9  3.9  3.9  scaffold19489   75382  75432  (12591) + (AATT)n           Simple_repeat           1     51    (0) 157  
   11   19.7  0.0  9.1  scaffold19489   78115  78162   (9861) + (AATATTA)n        Simple_repeat           1     44    (0) 158  
  255   17.0  1.9  0.0  scaffold19489   78193  78245   (9778) + Zator-3N1_CGi     DNA/Zator               9     62 (1546) 159  
  254   23.1  1.5  0.0  scaffold19489   78246  78256   (9767) C Zator-3N4_CGi     DNA/Zator             (7)   1494   1430 160  
   16    5.9  8.1  2.6  scaffold19489   82816  82852   (5171) + (TACAA)n          Simple_repeat           1     39    (0) 161  
   59    0.0  0.0  0.0  scaffold19489   84565  84614   (3409) + (CA)n             Simple_repeat           1     50    (0) 162  
   15   18.0  4.3  2.1  scaffold20302     311    356  (90308) + A-rich            Low_complexity          1     47    (0) 163  
   12   22.6  4.2  2.0  scaffold20302    1906   1953  (88711) + (ATCTTAA)n        Simple_repeat           1     49    (0) 164  
   19   17.0  6.5  0.0  scaffold20302    7430   7475  (83189) + (TA)n             Simple_repeat           1     49    (0) 165  
  370   20.0  0.0  0.0  scaffold20302    8938   9017  (81647) + Helitron-N12_CGi  RC/Helitron             1     80 (2618) 166  
  227   19.2  8.1  1.3  scaffold20302   10122  10195  (80469) + Helitron-N12_CGi  RC/Helitron            25    103 (2595) 167  
  263   15.8  7.1  2.9  scaffold20302   14373  14396  (76268) C DNA4-24_CGi       DNA                (1389)   1664   1639 168  
   39    0.0  0.0  0.0  scaffold20302   14397  14432  (76232) + (GTCTGTCT)n       Simple_repeat           1     36    (0) 169  
  263   15.8  7.1  2.9  scaffold20302   14433  14505  (76159) C DNA4-24_CGi       DNA                (1415)   1638   1564 168  
   13   15.4  0.0  3.3  scaffold20302   23715  23745  (66919) + (AATT)n           Simple_repeat           1     30    (0) 170  
   16   22.2  1.8  3.6  scaffold20302   37155  37210  (53454) + (ATATT)n          Simple_repeat           1     55    (0) 171  
   17    0.0  0.0  7.4  scaffold20302   38557  38585  (52079) + (TATTA)n          Simple_repeat           1     27    (0) 172  
   12   23.9  0.0  2.5  scaffold20302   49952  49992  (40672) + (TTTATAT)n        Simple_repeat           1     40    (0) 173  
   13   22.4  0.0  4.7  scaffold20302   52642  52687  (37977) + (TTTAT)n          Simple_repeat           1     43    (0) 174  
   16   21.3  0.0  0.0  scaffold20302   56275  56307  (34357) + (T)n              Simple_repeat           1     33    (0) 175  
   11   24.6  0.0  2.6  scaffold20302   57713  57752  (32912) + (TTTTCCT)n        Simple_repeat           1     39    (0) 176  
   18    4.5  0.0  0.0  scaffold20302   57947  57969  (32695) + (AT)n             Simple_repeat           1     23    (0) 177  
   16   19.1  0.0  7.8  scaffold20302   62669  62723  (27941) + (TGTT)n           Simple_repeat           1     51    (0) 178  
   17   19.8  3.1  6.3  scaffold20302   67221  67245  (23419) + (ATT)n            Simple_repeat           1     62    (0) 179  
   12   20.6  5.1  0.0  scaffold20302   67246  67284  (23380) + (TATTA)n          Simple_repeat           1     41    (0) 180  
   12   14.8  2.3  7.3  scaffold20302   78031  78073  (12591) + (TATATT)n         Simple_repeat           1     41    (0) 181  
   16   10.0  0.0  0.0  scaffold20302   79046  79067  (11597) + (T)n              Simple_repeat           1     22    (0) 182  
   13   15.7  0.0  7.9  scaffold20302   79487  79527  (11137) + (ATTTA)n          Simple_repeat           1     38    (0) 183  
  271   31.6  0.0  1.0  scaffold20302   85683  85781   (4883) + Helitron-N2d_CGi  RC/Helitron           112    209 (2210) 184  
  246   30.3  3.1  3.1  scaffold20302   85782  85838   (4826) + SAT-1_CGi         Satellite             157    312  (188) 185  
   21   20.4  0.0  0.0  scaffold20302   87445  87484   (3180) + (T)n              Simple_repeat           1     40    (0) 186  
   12    7.2  2.9  9.1  scaffold20302   88561  88595   (2069) + A-rich            Low_complexity          1     33    (0) 187  
   16    0.0  0.0  0.0  scaffold20302   90644  90660      (4) + (C)n              Simple_repeat           1     17    (0) 188  
   13   30.5  1.7  1.7  scaffold26337    1900   1958 (152941) + (AATTAAT)n        Simple_repeat           1     59    (0) 189  
   12   24.5  1.9  3.9  scaffold26337    4610   4661 (150238) + (TTTATT)n         Simple_repeat           1     51    (0) 190  
   18    4.7  0.0  0.0  scaffold26337   27230  27251 (127648) + (AT)n             Simple_repeat           1     22    (0) 191  
   14    4.3  4.2  0.0  scaffold26337   31806  31829 (123070) + (ATTG)n           Simple_repeat           1     25    (0) 192  
   16   15.9  0.0  0.0  scaffold26337   46910  46937 (107962) + (AT)n             Simple_repeat           1     28    (0) 193  
   36    2.9  0.0  0.0  scaffold26337   46938  46972 (107927) + (AG)n             Simple_repeat           1     35    (0) 194  
   12   27.1  0.0  0.0  scaffold26337   48440  48479 (106420) + (AATATTA)n        Simple_repeat           1     40    (0) 195  
   19   13.8  0.0  4.8  scaffold26337   51427  51470 (103429) + A-rich            Low_complexity          1     42    (0) 196  
   14   20.1  5.7  1.8  scaffold26337   54617  54669 (100230) + (TATGTAT)n        Simple_repeat           1     55    (0) 197  
  226    3.6  0.0  0.0  scaffold26337   54808  54835 (100064) C Polinton-1_CGi    DNA/Maverick      (20617)    156    129 198  
   13   18.5  0.0  0.0  scaffold26337   59665  59695  (95204) + (TTTTCA)n         Simple_repeat           1     31    (0) 199  
   12   11.1  3.2  3.2  scaffold26337   61013  61043  (93856) + (TTGATA)n         Simple_repeat           1     31    (0) 200  
   28    3.0  2.9  0.0  scaffold26337   61329  61362  (93537) + (AAC)n            Simple_repeat           1     35    (0) 201  
  260   20.8  3.6  7.5  scaffold26337   78988  79070  (75829) + Gypsy-55_CGi-I    LTR/Gypsy            6580   6659  (294) 202  
   12   16.0  0.0  3.5  scaffold26337   80624  80653  (74246) + A-rich            Low_complexity          1     29    (0) 203  
   16   10.4  3.2  0.0  scaffold26337   88103  88133  (66766) + (AACAA)n          Simple_repeat           1     32    (0) 204  
   12   17.3  7.7  0.0  scaffold26337   92387  92425  (62474) + (AAT)n            Simple_repeat           1     42    (0) 205  
   12   26.1  0.0  4.3  scaffold26337   96435  96483  (58416) + A-rich            Low_complexity          1     47    (0) 206  
   12   21.6  0.0  5.1  scaffold26337  100131 100171  (54728) + (ATAA)n           Simple_repeat           1     39    (0) 207  
   15    0.0  5.3  0.0  scaffold26337  103158 103176  (51723) + (TA)n             Simple_repeat           1     20    (0) 208  
   14   12.2  0.0  0.0  scaffold26337  104035 104061  (50838) + (TTATA)n          Simple_repeat           1     27    (0) 209  
  452   34.2  5.7  3.5  scaffold26337  106753 107345  (47554) C CR1-11_CGi        LINE/CR1            (875)   1903   1298 210  
   15   22.1  3.2  4.8  scaffold26337  116419 116481  (38418) + (ATGTT)n          Simple_repeat           1     62    (0) 211  
   15   13.7  3.1  0.0  scaffold26337  117422 117453  (37446) + (AGAC)n           Simple_repeat           1     33    (0) 212  
   14   10.1  6.2  0.0  scaffold26337  123160 123191  (31708) + (ATTTTT)n         Simple_repeat           1     34    (0) 213  
   14   31.0  3.0  0.0  scaffold26337  124430 124496  (30403) + (GTTGATA)n        Simple_repeat           1     69    (0) 214  
   12   22.0  2.7  0.0  scaffold26337  124943 124979  (29920) + (TTATACA)n        Simple_repeat           1     38    (0) 215  
   16   10.5  3.2  0.0  scaffold26337  132617 132647  (22252) + (AACAAA)n         Simple_repeat           1     32    (0) 216  
  461   31.2  6.5  3.7  scaffold26337  133669 134193  (20706) + RTEX-9_CGi        LINE/RTE-X           2634   3086 (1574) 217  
  258   32.1  2.5  3.4  scaffold26337  134313 134640  (20259) + RTEX-19_CGi       LINE/RTE-X           3382   3554 (1154) 218  
   60    1.8  0.0  0.0  scaffold26337  135900 135955  (18944) + (TG)n             Simple_repeat           1     56    (0) 219  
   13   15.0  5.1  2.5  scaffold26337  136874 136912  (17987) + (TACATG)n         Simple_repeat           1     40    (0) 220  
   13   15.9  2.7  2.7  scaffold26337  137420 137456  (17443) + (AATATAA)n        Simple_repeat           1     37    (0) 221  
  285   22.7  6.6  4.3  scaffold26337  139667 139826  (15073) C RTEX-13_CGi       LINE/RTE-X         (1588)   2426   2287 222  
   12   11.1  6.9  0.0  scaffold26337  145507 145535   (9364) + A-rich            Low_complexity          1     31    (0) 223  
   30    0.0  3.1  0.0  scaffold26337  152884 152915   (1984) + (TCATTTAT)n       Simple_repeat           1     33    (0) 224  
   27   14.0  0.0  0.0  scaffold26337  153862 153908    (991) + (ATA)n            Simple_repeat           1     47    (0) 225  
   48    0.0  0.0  0.0  scaffold26960     681    721 (117885) + (AC)n             Simple_repeat           1     41    (0) 226  
   13   21.1  9.1  0.0  scaffold26960    1618   1672 (116934) + (ATA)n            Simple_repeat           1     60    (0) 227  
  406   19.4  4.2  7.1  scaffold26960    2031   2174 (116432) + RTEX-26_CGi       LINE/RTE-X           4530   4669    (0) 228  
   13   12.0  8.3  0.0  scaffold26960    3072   3107 (115499) + (TATACTA)n        Simple_repeat           1     39    (0) 229  
   13    8.1  3.9  0.0  scaffold26960    5885   5910 (112696) + (ATTAA)n          Simple_repeat           1     27    (0) 230  
   14   20.7  8.9  0.0  scaffold26960    8539   8594 (110012) + (ATA)n            Simple_repeat           1     61    (0) 231  
   16   21.0  0.0  5.0  scaffold26960    8748   8789 (109817) + (AT)n             Simple_repeat           1     40    (0) 232  
  359   19.0  6.3  8.5  scaffold26960    8931   9092 (109514) + RTEX-26_CGi       LINE/RTE-X           4548   4669    (0) 233  
   12   15.3  5.3  2.6  scaffold26960   10091  10128 (108478) + (TATATGC)n        Simple_repeat           1     39    (0) 234  
  242   22.2  0.0  0.0  scaffold26960   11942  12004 (106602) C DNA4-26_CGi       DNA/Sola-3         (3274)    995    933 235 *
  301    3.3  0.0  3.3  scaffold26960   11954  12015 (106591) C DNA-11_CGi        DNA                (1272)   2556   2497 236 *
  357   11.2  0.0  0.0  scaffold26960   11964  12052 (106554) C Tx1-1_CGi         LINE/L1-Tx1         (168)   6014   5926 237  
  281   33.5  0.4  2.3  scaffold26960   13169  13320 (105286) + (CACGA)n          Simple_repeat           1    149    (0) 238  
  235   26.9  3.0  3.0  scaffold26960   21452  21585  (97021) + Tx1-12_CGi        LINE/L1-Tx1          4420   4553 (2244) 239  
  235   31.5  3.0  2.2  scaffold26960   21611  21743  (96863) + Tx1-8_CGi         LINE/L1-Tx1          3597   3730 (1875) 240  
   17   12.5  0.0  0.0  scaffold26960   28848  28873  (89733) + (AT)n             Simple_repeat           1     26    (0) 241  
   16   14.8  0.0  5.1  scaffold26960   31430  31470  (87136) + (TTCAA)n          Simple_repeat           1     39    (0) 242  
   13   29.4  4.5  0.0  scaffold26960   31906  31971  (86635) + (TATTT)n          Simple_repeat           1     69    (0) 243  
   18   27.4  6.9  0.0  scaffold26960   42697  42788  (75818) + (TTC)n            Simple_repeat           1     98    (0) 244  
   13   21.7  0.0  0.0  scaffold26960   46842  46873  (71733) + (TGT)n            Simple_repeat           1     32    (0) 245  
   12   18.9  2.6  2.6  scaffold26960   53488  53525  (65081) + (ATAATTG)n        Simple_repeat           1     38    (0) 246  
   13   26.2  1.7  3.5  scaffold26960   58251  58308  (60298) + A-rich            Low_complexity          1     57    (0) 247  
   16   15.5  3.3  0.0  scaffold26960   64367  64396  (54210) + (TA)n             Simple_repeat           1     31    (0) 248  
   13   22.6  2.4  0.0  scaffold26960   69561  69601  (49005) + (GTTCTAT)n        Simple_repeat           1     42    (0) 249  
  292   30.9  0.0  0.0  scaffold26960   76146  76255  (42351) + CR1-12_CGi        LINE/CR1-Zenon       1482   1591 (1694) 250  
  235   18.9  8.4  4.7  scaffold26960   77577  77659  (40947) + CR1-4_CGi         LINE/CR1-Zenon       5346   5431    (1) 251  
   13    9.7  5.7  2.8  scaffold26960   78523  78557  (40049) + (TTACGTT)n        Simple_repeat           1     36    (0) 252  
   14   26.3  0.0  2.2  scaffold26960   81423  81469  (37137) + (TTCA)n           Simple_repeat           1     46    (0) 253  
   21   15.0  0.0  2.6  scaffold26960   81808  81846  (36760) + (TA)n             Simple_repeat           1     38    (0) 254  
   36    0.0  0.0  0.0  scaffold26960   82285  82315  (36291) + (TA)n             Simple_repeat           1     31    (0) 255  
   18   22.8  1.9  1.9  scaffold26960   84127  84179  (34427) + (GAT)n            Simple_repeat           1     53    (0) 256  
   18   22.8  1.9  1.9  scaffold26960   86355  86407  (32199) + (TCA)n            Simple_repeat           1     53    (0) 257  
   12   20.7  0.0  2.9  scaffold26960   86672  86706  (31900) + A-rich            Low_complexity          1     34    (0) 258  
   12   21.6  0.0  0.0  scaffold26960   93547  93578  (25028) + (TATTT)n          Simple_repeat           1     32    (0) 259  
   33    0.0  0.0  0.0  scaffold26960   94631  94658  (23948) + (AT)n             Simple_repeat           1     28    (0) 260  
   34    0.0  0.0  0.0  scaffold26960   97516  97546  (21060) + (AAC)n            Simple_repeat           1     31    (0) 261  
   17    0.0  4.8  0.0  scaffold26960   98788  98808  (19798) + (AT)n             Simple_repeat           1     22    (0) 262  
   19    8.1  0.0  0.0  scaffold26960   99205  99230  (19376) + (AG)n             Simple_repeat           1     26    (0) 263  
   27    9.7  0.0  0.0  scaffold26960   99231  99274  (19332) + (AGAT)n           Simple_repeat           1     44    (0) 264  
   13   26.6  0.0  3.9  scaffold26960  100140 100192  (18414) + A-rich            Low_complexity          1     51    (0) 265  
   12   16.9  5.9  0.0  scaffold26960  103013 103046  (15560) + (TAGTA)n          Simple_repeat           1     36    (0) 266  
   11   21.6  7.3  1.7  scaffold26960  105454 105508  (13098) + A-rich            Low_complexity          1     58    (0) 267  
   31    6.0  3.7  1.8  scaffold26960  115958 116011   (2595) + (ATAAAAA)n        Simple_repeat           1     55    (0) 268  
   13   14.2  3.2  0.0  scaffold26960  116757 116787   (1819) + (GATATA)n         Simple_repeat           1     32    (0) 269  
   14   15.5  0.0  0.0  scaffold27692     112    140  (82156) + (ATAAT)n          Simple_repeat           1     29    (0) 270  
   22   15.0  0.0  2.2  scaffold27692     157    202  (82094) + (TTATTC)n         Simple_repeat           1     45    (0) 271  
   15   23.7  3.6  1.8  scaffold27692    2562   2617  (79679) + (ATATCT)n         Simple_repeat           1     57    (0) 272  
   14    9.3  0.0  0.0  scaffold27692    4006   4028  (78268) + (GTT)n            Simple_repeat           1     23    (0) 273  
   21    3.6  0.0  6.5  scaffold27692    4456   4465  (77831) + (TA)n             Simple_repeat           1     47    (0) 274  
   18   20.9  0.0  0.0  scaffold27692    4466   4506  (77790) + (TATG)n           Simple_repeat           1     41    (0) 275  
   17    5.0  0.0  0.0  scaffold27692    4488   4508  (77788) + (TG)n             Simple_repeat           1     21    (0) 276 *
   17   12.4  2.9  0.0  scaffold27692    7029   7063  (75233) + (TTTATA)n         Simple_repeat           1     36    (0) 277  
   19   22.6  0.0  0.0  scaffold27692   15086  15132  (67164) + (ACAC)n           Simple_repeat           1     47    (0) 278  
   15   11.1  6.9  0.0  scaffold27692   17255  17283  (65013) + (AT)n             Simple_repeat           1     31    (0) 279  
   17   26.1  5.7  1.4  scaffold27692   19702  19771  (62525) + (AT)n             Simple_repeat           1     73    (0) 280  
   12   27.4  0.0  2.2  scaffold27692   24407  24452  (57844) + (TTACAT)n         Simple_repeat           1     45    (0) 281  
   13   32.2  1.7  0.0  scaffold27692   27169  27226  (55070) + (TAATA)n          Simple_repeat           1     59    (0) 282  
   12   14.1  3.0  3.0  scaffold27692   30504  30536  (51760) + (ATAAG)n          Simple_repeat           1     33    (0) 283  
  335   24.3 11.8  1.4  scaffold27692   36155  36324  (45972) C DNA6-15_CGi       DNA                 (736)   1160    956 284  
  318   25.1  1.9 10.8  scaffold27692   36174  36334  (45962) + DNA6-15_CGi       DNA                  1083   1230  (666) 285 *
   12   25.5  0.0  6.1  scaffold27692   51157  51208  (31088) + (AATTG)n          Simple_repeat           1     49    (0) 286  
   13   18.1  4.5  7.8  scaffold27692   73324  73389   (8907) + (CTACA)n          Simple_repeat           1     64    (0) 287  
   13   29.2  3.5  0.0  scaffold27692   78038  78095   (4201) + (AATATCA)n        Simple_repeat           1     60    (0) 288  
   20   13.9  0.0  0.0  scaffold27692   81037  81068   (1228) + (A)n              Simple_repeat           1     32    (0) 289  
   13   18.9  0.0  0.0  scaffold30278     378    407  (92453) + (AATA)n           Simple_repeat           1     30    (0) 290  
  272   27.5  3.2  5.5  scaffold30278     798    982  (91878) C RTEX-9_CGi        LINE/RTE-X         (1108)   3552   3372 291  
   14   14.5  5.0  2.4  scaffold30278    2025   2064  (90796) + (ACATTG)n         Simple_repeat           1     41    (0) 292  
   15   15.9  2.9  0.0  scaffold30278    3676   3710  (89150) + (AATATT)n         Simple_repeat           1     36    (0) 293  
   14   20.5  0.0  2.5  scaffold30278    4856   4896  (87964) + (TATTTAA)n        Simple_repeat           1     40    (0) 294  
   15   21.9  0.0 10.9  scaffold30278    5436   5506  (87354) + (ATT)n            Simple_repeat           1     64    (0) 295  
   15   18.5  4.7  0.0  scaffold30278    9676   9718  (83142) + A-rich            Low_complexity          1     45    (0) 296  
   12   17.1  0.0  5.7  scaffold30278   17078  17114  (75746) + (AACAAC)n         Simple_repeat           1     35    (0) 297  
   17   10.8  0.0  0.0  scaffold30278   31544  31573  (61287) + (TCAA)n           Simple_repeat           1     30    (0) 298  
   12    4.3  8.3  0.0  scaffold30278   47876  47899  (44961) + (TTTC)n           Simple_repeat           1     26    (0) 299  
   22   28.8  1.3  2.6  scaffold30278   51253  51331  (41529) + (AT)n             Simple_repeat           1     78    (0) 300  
   15   13.2  3.0  0.0  scaffold30278   54727  54759  (38101) + (TGGAA)n          Simple_repeat           1     34    (0) 301  
   12   11.1  3.2  3.2  scaffold30278   54815  54845  (38015) + (ATGTAC)n         Simple_repeat           1     31    (0) 302  
   13   27.9  0.0  2.1  scaffold30278   55178  55226  (37634) + A-rich            Low_complexity          1     48    (0) 303  
   15   13.9  0.0  0.0  scaffold30278   70843  70866  (21994) + (T)n              Simple_repeat           1     24    (0) 304  
   19    7.2  3.5  0.0  scaffold30278   78177  78205  (14655) + (AT)n             Simple_repeat           1     30    (0) 305  
   13   10.7  6.7  0.0  scaffold30278   79554  79583  (13277) + (TATTT)n          Simple_repeat           1     32    (0) 306  
   15   15.8  0.0  3.5  scaffold30278   82946  82975   (9885) + (TA)n             Simple_repeat           1     29    (0) 307  
   13   13.1  0.0  0.0  scaffold30278   83182  83206   (9654) + (CATA)n           Simple_repeat           1     25    (0) 308  
   13    9.8  0.0  0.0  scaffold30278   91048  91069   (1791) + (TCT)n            Simple_repeat           1     22    (0) 309  
   16   27.9  0.0  0.0  scaffold3071     1232   1274  (91206) + GA-rich           Low_complexity          1     43    (0) 310  
   18    4.8  0.0  0.0  scaffold3071     2295   2316  (90164) + (AT)n             Simple_repeat           1     22    (0) 311  
   15    5.5  0.0  0.0  scaffold3071     2558   2576  (89904) + (A)n              Simple_repeat           1     19    (0) 312  
   33    0.0  0.0  0.0  scaffold3071     2978   3008  (89472) + (AAGA)n           Simple_repeat           1     31    (0) 313  
   15   12.9  6.8  2.2  scaffold3071     7539   7582  (84898) + A-rich            Low_complexity          1     46    (0) 314  
   19    0.0  0.0  0.0  scaffold3071    13146  13169  (79311) + (ATA)n            Simple_repeat           1     24    (0) 315  
   11   15.6  8.9  2.1  scaffold3071    15325  15369  (77111) + (TACACTG)n        Simple_repeat           1     48    (0) 316  
   15    7.0  6.7  0.0  scaffold3071    19057  19086  (73394) + (CATACA)n         Simple_repeat           1     32    (0) 317  
   12   12.2  3.7  0.0  scaffold3071    19584  19610  (72870) + (TATG)n           Simple_repeat           1     28    (0) 318  
  240   28.3  0.0  0.0  scaffold3071    28182  28273  (64207) + (CACG)n           Simple_repeat           4     95    (0) 319  
   13   18.2  2.6  2.6  scaffold3071    28977  29015  (63465) + (AATATA)n         Simple_repeat           1     39    (0) 320  
   17    7.4  3.5  0.0  scaffold3071    30004  30032  (62448) + (ATTC)n           Simple_repeat           1     30    (0) 321  
   20   29.3  0.0  5.5  scaffold3071    32748  32843  (59637) + (TAATTA)n         Simple_repeat           1     91    (0) 322  
   12   31.3  0.0  0.0  scaffold3071    34597  34643  (57837) + A-rich            Low_complexity          1     47    (0) 323  
   15   15.3  0.0  5.3  scaffold3071    35039  35078  (57402) + (ATTTA)n          Simple_repeat           1     38    (0) 324  
   12   11.5  3.3  3.3  scaffold3071    41665  41694  (50786) + (AAT)n            Simple_repeat           1     30    (0) 325  
   18   30.8  0.0  3.1  scaffold3071    42827  42893  (49587) + (AT)n             Simple_repeat           1     65    (0) 326  
   14   10.7  3.1  3.1  scaffold3071    46925  46956  (45524) + (TTGT)n           Simple_repeat           1     32    (0) 327  
   17   17.7  2.5  2.5  scaffold3071    48960  48999  (43481) + (AC)n             Simple_repeat           1     40    (0) 328  
   21   20.9  6.9  6.1  scaffold3071    52543  52672  (39808) + (ACTGAAT)n        Simple_repeat           1    131    (0) 329  
   12   14.5  3.5 11.1  scaffold3071    54080  54137  (38343) + (TACTGGA)n        Simple_repeat           1     54    (0) 330  
   12   14.1  3.5 11.1  scaffold3071    54786  54843  (37637) + (ACTGAAT)n        Simple_repeat           1     54    (0) 331  
   13   16.2  0.0  0.0  scaffold3071    55937  55964  (36516) + (AATTC)n          Simple_repeat           1     28    (0) 332  
   17   20.6  0.0  0.0  scaffold3071    62732  62765  (29715) + A-rich            Low_complexity          1     34    (0) 333  
   15    5.5  0.0  0.0  scaffold3071    64888  64906  (27574) + (AT)n             Simple_repeat           1     19    (0) 334  
   16   16.1  0.0  0.0  scaffold3071    77563  77590  (14890) + (T)n              Simple_repeat           1     28    (0) 335  
  276   14.4  1.3  0.0  scaffold3071    82871  82953   (9527) + (TTG)n            Simple_repeat           1     84    (0) 336  
   12    8.1  3.6  3.6  scaffold3071    83078  83105   (9375) + (ATTTG)n          Simple_repeat           1     28    (0) 337  
   16   19.6  2.0  4.1  scaffold3071    83711  83760   (8720) + (GTA)n            Simple_repeat           1     49    (0) 338  
   15    0.0  0.0  0.0  scaffold3071    85486  85502   (6978) + (TA)n             Simple_repeat           1     17    (0) 339  
   15   17.5  2.4  2.4  scaffold3071    90155  90195   (2285) + (ATTG)n           Simple_repeat           1     41    (0) 340  
   17   13.3  2.2  4.5  scaffold31723    4343   4387  (71231) + (ATTAACT)n        Simple_repeat           1     44    (0) 341  
   14   15.0  6.5  2.1  scaffold31723    4419   4466  (71152) + (TTATATA)n        Simple_repeat           1     50    (0) 342  
   15   24.7  7.0  0.0  scaffold31723   15376  15432  (60186) + (TA)n             Simple_repeat           1     61    (0) 343  
  264   21.0  4.8  0.0  scaffold31723   15745  15806  (59812) C Helitron-N39_CGi  RC/Helitron        (2735)    316    252 344  
   28    6.8  2.1  2.1  scaffold31723   16235  16282  (59336) + (GACGACA)n        Simple_repeat           1     48    (0) 345  
  360   21.8  7.1  1.6  scaffold31723   17010  17191  (58427) + IS3EU-N2_CGi      DNA/IS3EU             837   1028    (0) 346  
   19    8.1  0.0  0.0  scaffold31723   17193  17218  (58400) + (AT)n             Simple_repeat           1     26    (0) 347  
   14   18.3  2.7  0.0  scaffold31723   20525  20561  (55057) + A-rich            Low_complexity          1     38    (0) 348  
   13   17.2  2.3  4.8  scaffold31723   22694  22736  (52882) + (ATTATCA)n        Simple_repeat           1     42    (0) 349  
   24   36.0  0.0  0.0  scaffold31723   24854  24944  (50674) + GA-rich           Low_complexity          1     91    (0) 350  
   34    0.0  0.0  0.0  scaffold31723   25020  25048  (50570) + (AC)n             Simple_repeat           1     29    (0) 351  
   59    0.0  0.0  0.0  scaffold31723   25070  25122  (50496) + (ACAG)n           Simple_repeat           1     53    (0) 352  
   18   22.3  3.4  1.7  scaffold31723   27358  27416  (48202) + (TAAT)n           Simple_repeat           1     60    (0) 353  
   12    8.8  4.2  0.0  scaffold31723   32722  32745  (42873) + (TAAA)n           Simple_repeat           1     25    (0) 354  
   29    0.0  0.0  0.0  scaffold31723   36472  36496  (39122) + (TG)n             Simple_repeat           1     25    (0) 355  
  339   32.0  3.1  2.9  scaffold31723   44746  45191  (30427) + RTEX-13_CGi       LINE/RTE-X           2016   2406 (1608) 356  
  244   22.2  2.4  2.4  scaffold31723   45709  45791  (29827) + RTEX-15_CGi       LINE/RTE-X           1909   1991  (919) 357  
  233   26.7  4.5  5.5  scaffold31723   46063  46264  (29354) + RTEX-15_CGi       LINE/RTE-X           2275   2474  (436) 357  
   21   22.5  0.0  2.1  scaffold31723   46570  46618  (29000) + (AT)n             Simple_repeat           1     48    (0) 358  
   16   27.0  2.9  4.5  scaffold31723   46908  46975  (28643) + (TA)n             Simple_repeat           1     67    (0) 359  
   11   25.5  5.5  1.8  scaffold31723   47836  47890  (27728) + (TATTAC)n         Simple_repeat           1     57    (0) 360  
   13    5.9  4.4 11.9  scaffold31723   53147  53191  (22427) + (TGTA)n           Simple_repeat           1     42    (0) 361  
   12   16.9  0.0  0.0  scaffold31723   54285  54311  (21307) + (TTATT)n          Simple_repeat           1     27    (0) 362  
   13   18.5  0.0 12.7  scaffold31723   64553  64614  (11004) + (TATT)n           Simple_repeat           1     55    (0) 363  
   16   13.4  6.1  0.0  scaffold31723   65613  65645   (9973) + (TA)n             Simple_repeat           1     35    (0) 364  
   12   18.7  0.0  3.1  scaffold31723   67506  67538   (8080) + (ATGTAT)n         Simple_repeat           1     32    (0) 365  
   23    3.7  0.0  0.0  scaffold31723   67744  67771   (7847) + (AT)n             Simple_repeat           1     28    (0) 366  
   53    2.0  0.0  0.0  scaffold31723   67772  67821   (7797) + (AG)n             Simple_repeat           1     50    (0) 367  
   13   17.2  2.3  4.8  scaffold31723   73686  73728   (1890) + (CCCACA)n         Simple_repeat           1     42    (0) 368  
  617   18.0  0.1  7.9  scaffold32578    2670   2905  (85343) + (CCTA)n           Simple_repeat           1    217    (0) 369  
   12   15.0  3.3  0.0  scaffold32578    3931   3960  (84288) + (AGCATA)n         Simple_repeat           1     31    (0) 370  
   17   25.4  1.6  3.2  scaffold32578    4644   4682  (83566) + (ATAT)n           Simple_repeat           1     63    (0) 371  
   19    0.0  0.0  4.2  scaffold32578    4683   4707  (83541) + (TA)n             Simple_repeat           1     24    (0) 372  
   22   11.7  0.0  0.0  scaffold32578    7191   7227  (81021) + (CAA)n            Simple_repeat           1     37    (0) 373  
   13   28.3  0.0  7.3  scaffold32578    8164   8236  (80012) + (AATA)n           Simple_repeat           1     68    (0) 374  
   13    9.3  0.0  0.0  scaffold32578    9572   9594  (78654) + (TGAT)n           Simple_repeat           1     23    (0) 375  
   17   24.7  1.7  1.7  scaffold32578   12674  12732  (75516) + (ATTTAT)n         Simple_repeat           1     59    (0) 376  
   15   13.9  0.0  0.0  scaffold32578   13137  13160  (75088) + (T)n              Simple_repeat           1     24    (0) 377  
   15   21.9  6.9  0.0  scaffold32578   14580  14637  (73611) + A-rich            Low_complexity          1     62    (0) 378  
   22    0.0  0.0  0.0  scaffold32578   16387  16410  (71838) + (AT)n             Simple_repeat           1     24    (0) 379  
   14   11.2  2.2  9.3  scaffold32578   19624  19669  (68579) + (TATCA)n          Simple_repeat           1     43    (0) 380  
  249   16.3  0.0  0.0  scaffold32578   21345  21387  (66861) C Helitron-N13_CGi  RC/Helitron         (617)     97     55 381  
   13   14.4  3.2  0.0  scaffold32578   22468  22498  (65750) + (TTTAT)n          Simple_repeat           1     32    (0) 382  
   12   14.5  2.2  9.3  scaffold32578   23357  23402  (64846) + A-rich            Low_complexity          1     43    (0) 383  
   13   23.3  2.5  0.0  scaffold32578   28197  28236  (60012) + A-rich            Low_complexity          1     41    (0) 384  
   24   18.1  0.0  2.1  scaffold32578   47901  47948  (40300) + (TA)n             Simple_repeat           1     47    (0) 385  
   21   16.9  2.0  4.1  scaffold32578   49513  49562  (38686) + (AT)n             Simple_repeat           1     49    (0) 386  
   12   17.6  3.1  0.0  scaffold32578   53834  53865  (34383) + (AATAT)n          Simple_repeat           1     33    (0) 387  
   14   10.3  0.0  8.8  scaffold32578   55288  55324  (32924) + (TATTT)n          Simple_repeat           1     34    (0) 388  
   13   11.8  4.9  4.9  scaffold32578   55923  55963  (32285) + (TTGTTAT)n        Simple_repeat           1     41    (0) 389  
   31    8.1  0.0  0.0  scaffold32578   61799  61838  (26410) + (TG)n             Simple_repeat           1     40    (0) 390  
  261   13.1  0.0 14.1  scaffold32578   68555  68740  (19508) + (CCTA)n           Simple_repeat           2    164    (0) 391  
  446   26.4  3.5  5.5  scaffold32578   71032  71280  (16968) + (CCTTG)n          Simple_repeat           1    244    (0) 392  
  188   16.6  7.5  0.0  scaffold32578   71286  71755  (16493) + (AGGTA)n          Simple_repeat           1    505    (0) 393  
   36    7.2  3.4  0.0  scaffold32578   72499  72557  (15691) + (TAAGG)n          Simple_repeat           1     61    (0) 394  
   99   11.4  5.8  0.0  scaffold32578   72705  72893  (15355) + (TAAGG)n          Simple_repeat           1    200    (0) 395  
  381   25.2  3.3  5.2  scaffold32578   72894  73378  (14870) + G-rich            Low_complexity          1    475    (0) 396  
  325   27.1  3.4  6.3  scaffold32578   73097  73409  (14839) + (CAAGG)n          Simple_repeat           1    303    (0) 397 *
   15   15.8  0.0  3.5  scaffold32578   76037  76066  (12182) + (AT)n             Simple_repeat           1     29    (0) 398  
   15   12.0  0.0  0.0  scaffold32578   76862  76888  (11360) + (CGTC)n           Simple_repeat           1     27    (0) 399  
   19   23.4  0.0  3.5  scaffold32578   77781  77839  (10409) + A-rich            Low_complexity          1     57    (0) 400  
   13   14.0  7.3  2.3  scaffold32578   78331  78371   (9877) + (TATAA)n          Simple_repeat           1     43    (0) 401  
  234   21.1  1.9  0.0  scaffold34940    2359   2410  (89310) + Helitron-N25_CGi  RC/Helitron            33     85  (711) 402 *
  269   15.4  0.0  0.0  scaffold34940    2373   2424  (89296) + (CCTG)n           Simple_repeat           3     54    (0) 403  
   26    6.1  0.0  0.0  scaffold34940    3161   3194  (88526) + (TGCG)n           Simple_repeat           1     34    (0) 404  
  236   20.4  0.0  0.0  scaffold34940    4424   4472  (87248) + CR1-13_CGi        LINE/CR1-Zenon        795    843 (3376) 405  
  237   31.2  2.7  2.7  scaffold34940    7938   8085  (83635) + RTEX-16_CGi       LINE/RTE-X           4439   4586  (245) 406  
  247   27.9  1.2  1.2  scaffold34940    8617   8696  (83024) C Mariner-13N4_CGi  DNA/TcMar-Pogo      (994)     80      1 407  
   14    0.0  8.3  0.0  scaffold34940    8901   8924  (82796) + (TAGT)n           Simple_repeat           1     26    (0) 408  
   12   18.4  5.4  0.0  scaffold34940    9979   9985  (81735) + (TTTATAT)n        Simple_repeat           1     38    (0) 409  
   15   19.6  0.0  0.0  scaffold34940    9986  10014  (81706) + (T)n              Simple_repeat           1     29    (0) 410  
   16    9.8  0.0  0.0  scaffold34940   13830  13851  (77869) + (T)n              Simple_repeat           1     22    (0) 411  
   13   14.8  0.0  3.2  scaffold34940   15827  15858  (75862) + (TATCAT)n         Simple_repeat           1     31    (0) 412  
   16    9.7  0.0  8.3  scaffold34940   20783  20821  (70899) + (AATTC)n          Simple_repeat           1     36    (0) 413  
   22   21.3  0.0  0.0  scaffold34940   23853  23896  (67824) + (T)n              Simple_repeat           1     44    (0) 414  
   16    0.0  0.0  0.0  scaffold34940   23897  23913  (67807) + (G)n              Simple_repeat           1     17    (0) 415  
   26   23.5  0.0  3.9  scaffold34940   23920  23999  (67721) + (ATTT)n           Simple_repeat           1     77    (0) 416  
  242   25.0  2.4  4.9  scaffold34940   26501  26584  (65136) + DNA4-4C_CGi       DNA                     1     82 (4138) 417  
   47    0.0  0.0  0.0  scaffold34940   26910  26949  (64771) + (CT)n             Simple_repeat           1     40    (0) 418  
   12   29.2  4.8  0.0  scaffold34940   33658  33719  (58001) + (ATGAATT)n        Simple_repeat           1     65    (0) 419  
  248   20.0  5.7  5.7  scaffold34940   38577  38682  (53038) C Helitron-N14_CGi  RC/Helitron        (1417)    338    233 420  
  274   26.5  6.0  1.9  scaffold34940   39506  39605  (52115) C Helitron-N39_CGi  RC/Helitron        (2729)    322    219 421  
   14   16.9  0.0  2.9  scaffold34940   55277  55311  (36409) + (TTAACA)n         Simple_repeat           1     34    (0) 422  
  241   17.8  1.5  4.8  scaffold34940   55968  56032  (35688) + Mariner-21_CGi    DNA/TcMar-m44        3137   3199 (6545) 423  
  719   18.9  0.8  5.0  scaffold34940   60471  60621  (31099) + (TAG)n            Simple_repeat           1    199  (426) 424  
  383   41.3  0.0  1.1  scaffold34940   60622  60802  (30918) + (CAG)n            Simple_repeat           2    180    (0) 425  
  719   18.9  0.8  5.0  scaffold34940   60803  61123  (30597) + (TAG)n            Simple_repeat         200    625    (0) 424  
   61   10.4  0.9  0.9  scaffold34940   61517  61623  (30097) + (TAG)n            Simple_repeat           1    107    (0) 426  
   22   22.7  3.9  3.9  scaffold34940   70589  70665  (21055) + (TA)n             Simple_repeat           1     77    (0) 427  
  928    0.0  0.0  5.6  scaffold34940   71624  71857  (19863) + (CATA)n           Simple_repeat           1    220    (0) 428  
   14   19.2  3.9  3.9  scaffold34940   77503  77553  (14167) + (TATCTT)n         Simple_repeat           1     51    (0) 429  
   18   12.2  0.0  0.0  scaffold34940   79531  79557  (12163) + (AT)n             Simple_repeat           1     27    (0) 430  
   13   28.3  1.8  1.8  scaffold34940   83295  83351   (8369) + A-rich            Low_complexity          1     57    (0) 431  
   13   13.2  6.1  0.0  scaffold34940   85584  85616   (6104) + (ATTTT)n          Simple_repeat           1     35    (0) 432  
  302   18.8  0.0  3.5  scaffold34940   87813  87900   (3820) + (TATG)n           Simple_repeat           3     85    (0) 433  
   44    2.4  0.0  0.0  scaffold34940   88736  88777   (2943) + (TG)n             Simple_repeat           1     42    (0) 434  
  245   21.1  0.0  0.0  scaffold4463     4354   4429  (92075) + Gypsy-55_CGi-I    LTR/Gypsy            6590   6665  (288) 435 *
 1008   11.3  0.9  5.5  scaffold4463     4364   4588  (91916) + (ATG)n            Simple_repeat           1    214    (0) 436  
  233   24.1 17.7  0.8  scaffold4463     5870   5982  (90522) + Helitron-N14_CGi  RC/Helitron            23    154 (1601) 437  
   13   17.6  0.0  0.0  scaffold4463     9125   9151  (87353) + (GAC)n            Simple_repeat           1     27    (0) 438  
  244   28.9  1.2  1.2  scaffold4463    16552  16635  (79869) C CR1-3_CGi         LINE/CR1-Zenon     (1479)    733    650 439  
  453   25.6  0.0  0.0  scaffold4463    18558  18686  (77818) + (TG)n             Simple_repeat           2    130    (0) 440  
  237   25.7  2.5 13.4  scaffold4463    24465  24662  (71842) + Helitron-27_CGi   RC/Helitron           207    385  (475) 441  
  279   21.8  0.0 11.4  scaffold4463    26563  26650  (69854) + DNA4-4B_CGi       DNA                  1390   1468 (2813) 442  
   18   14.4  3.1  0.0  scaffold4463    29105  29136  (67368) + (TA)n             Simple_repeat           1     33    (0) 443  
  236   28.3  0.0  3.3  scaffold4463    30262  30356  (66148) + DNA3-20_CGi       DNA/Zator            1396   1487  (231) 444  
   18   25.4  4.2  1.4  scaffold4463    33346  33417  (63087) + (TATA)n           Simple_repeat           1     74    (0) 445  
   49    2.2  0.0  0.0  scaffold4463    43044  43089  (53415) + (AG)n             Simple_repeat           1     46    (0) 446  
   31    0.0  0.0  0.0  scaffold4463    45792  45818  (50686) + (GA)n             Simple_repeat           1     27    (0) 447  
   18    4.0  0.0  0.0  scaffold4463    49168  49193  (47311) + (ACGC)n           Simple_repeat           1     26    (0) 448  
   17   33.4  0.0  0.0  scaffold4463    49194  49234  (47270) + (ACAC)n           Simple_repeat           1     67    (0) 449  
   28    3.3  0.0  0.0  scaffold4463    52498  52528  (43976) + (CACG)n           Simple_repeat           1     31    (0) 450  
   12   30.7  0.0  0.0  scaffold4463    53709  53752  (42752) + A-rich            Low_complexity          1     44    (0) 451  
   28    0.0  0.0  0.0  scaffold4463    55922  55948  (40556) + (ATTGT)n          Simple_repeat           1     27    (0) 452  
  119    6.5  1.9  0.0  scaffold4463    56165  56322  (40182) + (TCTAT)n          Simple_repeat           1    161    (0) 453  
   46    4.0  0.0  0.0  scaffold4463    56824  56875  (39629) + (AGTACACTCA)n     Simple_repeat           1     52    (0) 454  
  259   19.4 12.5  0.0  scaffold4463    60778  60849  (35655) C Helitron-N16B_CGi RC/Helitron         (874)     84      4 455  
  245   22.8  2.4  3.7  scaffold4463    61762  61843  (34661) C Mariner-N3_CGi    DNA/TcMar?            (0)    916    836 456  
   16   16.2  0.0  0.0  scaffold4463    63099  63126  (33378) + A-rich            Low_complexity          1     28    (0) 457  
   12   16.6  0.0  0.0  scaffold4463    63207  63233  (33271) + (TGAGA)n          Simple_repeat           1     27    (0) 458  
   14    9.3  0.0  0.0  scaffold4463    63433  63455  (33049) + (AAC)n            Simple_repeat           1     23    (0) 459  
   20   12.2  0.0  0.0  scaffold4463    66477  66512  (29992) + (AGTATGC)n        Simple_repeat           1     36    (0) 460  
   26    0.0  0.0  0.0  scaffold4463    69072  69096  (27408) + (TAA)n            Simple_repeat           1     25    (0) 461  
  245    9.5  0.0  0.0  scaffold4463    79434  79475  (17029) + (CAAT)n           Simple_repeat           4     45    (0) 462  
   21    3.3  3.2  0.0  scaffold4463    80354  80384  (16120) + (TAAA)n           Simple_repeat           1     32    (0) 463  
   16   23.9  0.0  0.0  scaffold4463    83469  83503  (13001) + A-rich            Low_complexity          1     35    (0) 464  
  185   11.8  0.3  0.3  scaffold4463    87684  88009   (8495) + (CTACACATGG)n     Simple_repeat           1    326    (0) 465  
   19    0.0  0.0  3.7  scaffold4463    92472  92499   (4005) + (AAAT)n           Simple_repeat           1     27    (0) 466  
   12   16.1 10.2  3.2  scaffold4463    93465  93523   (2981) + (TAATAT)n         Simple_repeat           1     63    (0) 467  
   18   29.8  3.2  2.1  scaffold45727     293    385 (106162) + (ATATAA)n         Simple_repeat           1     94    (0) 468  
   12   17.9  1.6 12.1  scaffold45727    2536   2599 (103948) + (AATAT)n          Simple_repeat           1     58    (0) 469  
   19   32.4  0.0  0.0  scaffold45727   11918  11983  (94564) + (AT)n             Simple_repeat           1     66    (0) 470  
   11    5.0 15.2  3.9  scaffold45727   15811  15856  (90691) + (ATAATTGAT)n      Simple_repeat           1     51    (0) 471  
   16   13.6  2.9  2.9  scaffold45727   17272  17305  (89242) + (TG)n             Simple_repeat           1     34    (0) 472  
   11   24.5  4.5  0.0  scaffold45727   20335  20378  (86169) + (ATTTAG)n         Simple_repeat           1     46    (0) 473  
   13   13.7  0.0  0.0  scaffold45727   20913  20937  (85610) + (TTG)n            Simple_repeat           1     25    (0) 474  
   12   13.9  4.4  6.8  scaffold45727   32028  32072  (74475) + A-rich            Low_complexity          1     44    (0) 475  
   14   16.4  6.7  4.9  scaffold45727   34768  34827  (71720) + (ATATAA)n         Simple_repeat           1     61    (0) 476  
  452   20.5  7.5  7.5  scaffold45727   39744  40008  (66539) + DNA6-15_CGi       DNA                   923   1155  (741) 477  
   18   12.4  0.0  2.8  scaffold45727   44255  44292  (62255) + (AATTATT)n        Simple_repeat           1     36    (0) 478  
   14   27.1  1.8  1.8  scaffold45727   46720  46774  (59773) + (TATAT)n          Simple_repeat           1     55    (0) 479  
  868   16.1  0.3  7.4  scaffold45727   48468  48982  (57565) + (CTA)n            Simple_repeat           1    478    (0) 480  
   15   16.9  0.0  0.0  scaffold45727   49116  49148  (57399) + (TATTAC)n         Simple_repeat           1     33    (0) 481  
   30   21.0  0.0  3.8  scaffold45727   52282  52363  (54184) + (TTTTGTT)n        Simple_repeat           1     79    (0) 482  
   12   17.6  3.1  0.0  scaffold45727   57177  57208  (49339) + A-rich            Low_complexity          1     33    (0) 483  
   12   14.0  7.3  2.3  scaffold45727   58983  58993  (47554) + (TCATTG)n         Simple_repeat           1     41    (0) 484  
   12   12.6  0.0  3.7  scaffold45727   58994  59021  (47526) + (TTTCA)n          Simple_repeat           1     27    (0) 485  
   44    5.0  0.0  4.6  scaffold45727   63390  63457  (43090) + (ACCAGTTTT)n      Simple_repeat           1     65    (0) 486  
   13   18.1  0.0  7.5  scaffold45727   67281  67323  (39224) + (TCAA)n           Simple_repeat           1     40    (0) 487  
   19   22.1  4.3  4.3  scaffold45727   67907  67975  (38572) + (TA)n             Simple_repeat           1     69    (0) 488  
   30   26.4  1.8  2.8  scaffold45727   68157  68174  (38373) + (ATTGTT)n         Simple_repeat           1    108    (0) 489  
   39   19.1  2.2  1.1  scaffold45727   68175  68265  (38282) + (TTG)n            Simple_repeat           1     92    (0) 490  
  228   20.2  0.0 14.8  scaffold45727   69447  69539  (37008) + CR1-3_CGi         LINE/CR1-Zenon       2129   2209    (3) 491  
   21   24.2  4.8  0.0  scaffold45727   70897  70959  (35588) + (AT)n             Simple_repeat           1     66    (0) 492  
   13   15.4  0.0  3.3  scaffold45727   72961  73001  (33546) + (CACA)n           Simple_repeat           1     39    (0) 493  
   15   24.3  1.8  3.6  scaffold45727   77888  77944  (28603) + (ATTTT)n          Simple_repeat           1     56    (0) 494  
   18   25.5  2.7  2.7  scaffold45727   78722  78794  (27753) + A-rich            Low_complexity          1     73    (0) 495  
   16   25.8  6.1  1.4  scaffold45727   80209  80274  (26273) + (TA)n             Simple_repeat           1     69    (0) 496  
   12   24.0  2.6  0.0  scaffold45727   80366  80404  (26143) + (TATG)n           Simple_repeat           1     40    (0) 497  
   15    5.5  0.0  0.0  scaffold45727   81902  81920  (24627) + (AT)n             Simple_repeat           1     19    (0) 498  
   12   31.0  0.0  1.9  scaffold45727   83336  83388  (23159) + (TTTA)n           Simple_repeat           1     52    (0) 499  
   33    0.0  0.0  0.0  scaffold45727   91655  91685  (14862) + (ATTAT)n          Simple_repeat           1     31    (0) 500  
   12   17.7  3.1  0.0  scaffold45727   92532  92563  (13984) + (TTAT)n           Simple_repeat           1     33    (0) 501  
   26    6.2  0.0  0.0  scaffold45727   98773  98806   (7741) + (TTC)n            Simple_repeat           1     34    (0) 502  
   23   15.5  1.9  1.9  scaffold45727   98815  98866   (7681) + (TTATTA)n         Simple_repeat           1     52    (0) 503  
   13   19.2  6.1  2.0  scaffold45727   98910  98958   (7589) + A-rich            Low_complexity          1     51    (0) 504  
   12   13.7  0.0  0.0  scaffold45727  100034 100057   (6490) + (TTC)n            Simple_repeat           1     24    (0) 505  
   13   26.3  0.0  5.7  scaffold45727  100631 100686   (5861) + A-rich            Low_complexity          1     53    (0) 506  
   18    4.5  0.0  0.0  scaffold5354        1     23  (78449) + (AT)n             Simple_repeat           1     23    (0) 507  
   15   12.2  3.7  0.0  scaffold5354      675    701  (77771) + (TA)n             Simple_repeat           1     28    (0) 508  
   16   15.2  0.0  3.3  scaffold5354     1806   1836  (76636) + (TA)n             Simple_repeat           1     30    (0) 509  
   91    1.2  0.0  0.0  scaffold5354     4025   4108  (74364) + (GTT)n            Simple_repeat           1     84    (0) 510  
   12   16.5  7.0  2.2  scaffold5354     9657   9699  (68773) + A-rich            Low_complexity          1     45    (0) 511  
   15    7.9 12.5  0.0  scaffold5354    16239  16278  (62194) + A-rich            Low_complexity          1     45    (0) 512  
   11   25.3  0.0  2.6  scaffold5354    17828  17867  (60605) + A-rich            Low_complexity          1     39    (0) 513  
   13   19.9  2.9  0.0  scaffold5354    19182  19216  (59256) + (TGT)n            Simple_repeat           1     36    (0) 514  
   79    2.7  0.0  0.0  scaffold5354    24198  24273  (54199) + (CT)n             Simple_repeat           1     76    (0) 515  
   16    9.8  0.0  0.0  scaffold5354    25936  25957  (52515) + (T)n              Simple_repeat           1     22    (0) 516  
   17   13.3  4.7  2.3  scaffold5354    25958  25976  (52496) + (TATTT)n          Simple_repeat           3     44    (0) 517  
  318   14.6  5.7  8.6  scaffold5354    26493  26604  (51868) C CR1-2_CGi         LINE/CR1-Zenon        (0)   5481   5387 518  
  262   22.4  8.0  1.9  scaffold5354    26913  27012  (51460) C CR1-5_CGi         LINE/CR1-Zenon      (526)   4786   4681 519  
  418   26.1  4.2  2.2  scaffold5354    27422  27616  (50856) C CR1-4_CGi         LINE/CR1-Zenon      (888)   4544   4379 520  
  633   29.0  4.8  3.0  scaffold5354    27951  28443  (50029) C CR1-2_CGi         LINE/CR1-Zenon     (1543)   3938   3565 521  
  582   15.7  0.0  2.8  scaffold5354    30608  30901  (47571) + (TTA)n            Simple_repeat           1    285    (0) 522  
   37   31.9  2.8  3.3  scaffold5354    30926  31139  (47333) + (ATTATT)n         Simple_repeat           1    213    (0) 523  
  257   16.6  7.3  2.8  scaffold5354    37552  37619  (40853) C Zator-3_CGi       DNA/Zator             (6)   5674   5604 524  
   24   23.5  3.9  2.5  scaffold5354    38070  38147  (40325) + (AT)n             Simple_repeat           1     79    (0) 525  
   14   25.2  5.9  3.5  scaffold5354    40301  40385  (38087) + A-rich            Low_complexity          1     87    (0) 526  
   61    0.0  0.0  0.0  scaffold5354    40753  40804  (37668) + (CT)n             Simple_repeat           1     52    (0) 527  
  226   27.1  1.4  1.4  scaffold5354    42027  42097  (36375) C Helitron-N3_CGi   RC/Helitron        (5127)   2212   2142 528  
  249   15.1  3.5  8.4  scaffold5354    51284  51370  (27102) + Zator-3N2_CGi     DNA/Zator             896    978    (6) 529  
   21    6.8  0.0  0.0  scaffold5354    66047  66077  (12395) + (TGT)n            Simple_repeat           1     31    (0) 530  
   17   16.3  5.6  0.0  scaffold5354    68041  68076  (10396) + (AT)n             Simple_repeat           1     38    (0) 531  
   12   14.1  7.3  2.3  scaffold5354    68058  68098  (10374) + (TATACA)n         Simple_repeat           1     43    (0) 532 *
   17   23.1  4.3  2.9  scaffold5354    68399  68467  (10005) + A-rich            Low_complexity          1     70    (0) 533  
  302   23.3  0.0  0.9  scaffold5354    70012  70122   (8350) C RTEX-22_CGi       LINE/RTE-X         (1778)    430    374 534  
  276   20.4 12.2  2.0  scaffold5354    71162  71251   (7221) C Helitron-N12_CGi  RC/Helitron        (2599)     99      1 535 *
  280   20.0  0.0  1.7  scaffold5354    71195  71255   (7217) C DNA4-4B_CGi       DNA                (2832)   1449   1390 536  
   19   13.0  4.8  0.0  scaffold5354    72399  72440   (6032) + (ATTTT)n          Simple_repeat           1     44    (0) 537  
   12   25.6  2.1  2.1  scaffold5354    76925  76972   (1500) + (TATTT)n          Simple_repeat           1     48    (0) 538  
   12   22.4  0.0  2.7  scaffold59644    1185   1222  (77495) + A-rich            Low_complexity          1     37    (0) 539  
   12   15.9  2.6  5.3  scaffold59644    4660   4698  (74019) + (ATGAATG)n        Simple_repeat           1     38    (0) 540  
   14    9.1  8.1  2.6  scaffold59644    9793   9829  (68888) + (TTAT)n           Simple_repeat           1     39    (0) 541  
   12   18.1  0.0  3.1  scaffold59644   12505  12537  (66180) + (TCATAT)n         Simple_repeat           1     32    (0) 542  
   18    3.4  5.9  5.9  scaffold59644   15817  15850  (62867) + (TA)n             Simple_repeat           1     34    (0) 543  
   30   25.0  2.1  2.1  scaffold59644   21001  21093  (57624) + (TA)n             Simple_repeat           1     93    (0) 544  
   17    0.0  0.0  0.0  scaffold59644   21123  21141  (57576) + (AG)n             Simple_repeat           1     19    (0) 545  
  279   27.6  0.0  6.6  scaffold59644   21467  21563  (57154) + DNA4-4B_CGi       DNA                  1392   1482 (2799) 546  
   12   23.5  0.0  4.8  scaffold59644   26718  26761  (51956) + A-rich            Low_complexity          1     42    (0) 547  
   23   15.0  2.0  4.1  scaffold59644   27190  27239  (51478) + (AC)n             Simple_repeat           1     49    (0) 548  
   16    7.3  0.0  6.5  scaffold59644   29142  29174  (49543) + (AAAT)n           Simple_repeat           1     31    (0) 549  
   17   21.9  7.7  1.4  scaffold59644   29732  29796  (48921) + (TA)n             Simple_repeat           1     69    (0) 550  
   12   19.9  2.9  0.0  scaffold59644   30591  30625  (48092) + (AATTCAT)n        Simple_repeat           1     36    (0) 551  
   18   25.1  0.0  3.5  scaffold59644   33845  33904  (44813) + (CTGT)n           Simple_repeat           1     58    (0) 552  
   17   24.3  1.9  0.0  scaffold59644   34939  34991  (43726) + (TTTTTG)n         Simple_repeat           1     54    (0) 553  
   15    0.0  5.3  0.0  scaffold59644   35695  35713  (43004) + (AT)n             Simple_repeat           1     20    (0) 554  
   14   20.5  2.6  0.0  scaffold59644   39294  39332  (39385) + A-rich            Low_complexity          1     40    (0) 555  
   15   14.7  6.4  2.0  scaffold59644   42752  42798  (35919) + (TTGTATA)n        Simple_repeat           1     49    (0) 556  
   18   20.7  1.6  5.1  scaffold59644   43680  43740  (34977) + (ATTT)n           Simple_repeat           1     59    (0) 557  
   18   22.6  0.0  3.8  scaffold59644   43989  44043  (34674) + (CTGT)n           Simple_repeat           1     53    (0) 558  
   15   27.0  0.0  3.6  scaffold59644   44969  45025  (33692) + (TATTGT)n         Simple_repeat           1     55    (0) 559  
   16    3.4 13.3  0.0  scaffold59644   45699  45728  (32989) + (AT)n             Simple_repeat           1     34    (0) 560  
   11   20.2  2.9  0.0  scaffold59644   47925  47958  (30759) + (TTTATC)n         Simple_repeat           1     35    (0) 561  
  583   23.1  1.0  7.3  scaffold59644   48962  49620  (29097) + (CTA)n            Simple_repeat           1    616    (0) 562  
   35    8.0  0.0  1.9  scaffold59644   49621  49675  (29042) + (ACT)n            Simple_repeat           1     54    (0) 563  
  390   27.5  1.0  6.2  scaffold59644   49698  49766  (28951) + (CTA)n            Simple_repeat           1     89    (0) 564  
  227   22.4  0.0  0.0  scaffold59644   58880  58928  (19789) + Mariner-N2_CGi    DNA/TcMar-Pogo          1     49  (126) 565  
   16   20.9  0.0  0.0  scaffold59644   67435  67467  (11250) + A-rich            Low_complexity          1     33    (0) 566  
   18    0.0  0.0  0.0  scaffold59644   67818  67837  (10880) + (C)n              Simple_repeat           1     20    (0) 567  
   13   20.1  0.0  8.2  scaffold59644   69462  69514   (9203) + A-rich            Low_complexity          1     49    (0) 568  
   18   22.1  2.0  2.0  scaffold59644   71682  71730   (6987) + (TA)n             Simple_repeat           1     49    (0) 569  
  285   23.6  1.5 11.5  scaffold59644   71895  72028   (6689) C RTEX-22_CGi       LINE/RTE-X           (19)   2189   2068 570  
   12    9.2  0.0  4.2  scaffold59644   72157  72181   (6536) + (ATAA)n           Simple_repeat           1     24    (0) 571  
   12   14.9  3.3  0.0  scaffold59644   73573  73602   (5115) + (ACAACA)n         Simple_repeat           1     31    (0) 572  
   11   27.0  3.3  3.3  scaffold59644   73603  73632   (5085) + A-rich            Low_complexity          2     61    (0) 573  
   13   27.4  3.4  1.7  scaffold59644   74734  74792   (3925) + A-rich            Low_complexity          1     60    (0) 574  
   20   18.6  3.9  1.9  scaffold59644   78667  78717      (0) + (TA)n             Simple_repeat           1     52    (0) 575  
  243   28.8  1.2  0.0  scaffold71773     240    319 (103601) C DNA2-25_CGi       DNA/TcMar-Pogo        (0)    931    851 576  
   17   20.0  0.0  0.0  scaffold71773    9049   9088  (94832) + (TAATACA)n        Simple_repeat           1     40    (0) 577  
   17    0.0  0.0  0.0  scaffold71773   10715  10784  (93136) + (AC)n             Simple_repeat           1     70    (0) 578  
   15   16.2  2.2  4.5  scaffold71773   12101  12145  (91775) + (ATTTT)n          Simple_repeat           1     44    (0) 579  
   15   14.5  5.0  2.4  scaffold71773   12577  12616  (91304) + (AAT)n            Simple_repeat           1     41    (0) 580  
   19   14.6  2.0  4.2  scaffold71773   14371  14419  (89501) + (TCAT)n           Simple_repeat           1     48    (0) 581  
  262   23.8  6.5  6.5  scaffold71773   15015  15122  (88798) C Helitron-27_CGi   RC/Helitron         (681)    179     72 582  
   23   11.4  2.0  4.0  scaffold71773   20060  20121  (83799) + (TTAATTT)n        Simple_repeat           1     60    (0) 583  
   19   28.5  0.0  0.0  scaffold71773   30454  30504  (73416) + (TT)n             Simple_repeat           1     51    (0) 584  
  238   16.6 13.4  4.5  scaffold71773   40801  40882  (63038) C Helitron-N39_CGi  RC/Helitron        (2259)    107     19 585  
  276   28.6 10.2  4.6  scaffold71773   42408  42612  (61308) C Helitron-27_CGi   RC/Helitron         (640)    220      5 586  
   16   17.2  1.9  6.0  scaffold71773   48844  48895  (55025) + (CATGTA)n         Simple_repeat           1     50    (0) 587  
   56    0.0  0.0  0.0  scaffold71773   49358  49405  (54515) + (CA)n             Simple_repeat           1     48    (0) 588  
   35    0.0  7.0  0.0  scaffold71773   64000  64042  (39878) + (AAC)n            Simple_repeat           1     46    (0) 589  
   74    0.0  0.0  0.0  scaffold71773   75362  75424  (28496) + (CT)n             Simple_repeat           1     63    (0) 590  
   17    0.0  0.0  0.0  scaffold71773   75907  75917  (28003) + (AC)n             Simple_repeat           1     11    (0) 591  
   60    3.2  0.0  0.0  scaffold71773   75918  75980  (27940) + (CACG)n           Simple_repeat           1     63    (0) 592  
 1124   15.6  0.0  0.0  scaffold71773   80319  80647  (23273) + (CACAG)n          Simple_repeat           1    329    (0) 593  
   27   14.2  0.0  0.0  scaffold71773   81099  81145  (22775) + (ATT)n            Simple_repeat           1     47    (0) 594  
   13   25.9  2.1  0.0  scaffold71773   81151  81184  (22736) + (GTA)n            Simple_repeat           1     35    (0) 595  
   41    0.0  0.0  0.0  scaffold71773   81185  81221  (22699) + (AGC)n            Simple_repeat           1     37    (0) 596  
   13   25.9  2.1  0.0  scaffold71773   81222  81233  (22687) + (GTA)n            Simple_repeat           3     14    (0) 597  
   16   22.9  3.9  0.0  scaffold71773   85460  85510  (18410) + (CACATG)n         Simple_repeat           1     53    (0) 598  
   16    9.7  0.0  0.0  scaffold71773   86593  86614  (17306) + (T)n              Simple_repeat           1     22    (0) 599  
   30    3.4  0.0  0.0  scaffold71773   86664  86693  (17227) + (AT)n             Simple_repeat           1     30    (0) 600  
   16   14.7  3.3  0.0  scaffold71773   90389  90418  (13502) + (TA)n             Simple_repeat           1     31    (0) 601  
   16    0.0  0.0  0.0  scaffold71773   92253  92269  (11651) + (A)n              Simple_repeat           1     17    (0) 602  
   41    2.4  0.0  0.0  scaffold71773   94429  94470   (9450) + (AAT)n            Simple_repeat           1     42    (0) 603  
   13   12.7  2.6  5.4  scaffold71773   95591  95628   (8292) + A-rich            Low_complexity          1     37    (0) 604  
   37    0.0  0.0  0.0  scaffold71773   95931  95964   (7956) + (AAG)n            Simple_repeat           1     34    (0) 605  
  257   23.5  0.0  1.5  scaffold71773   95965  96033   (7887) C DNA3-13B_CGi      DNA/PIF-Harbinger   (464)    677    610 606  
   12   16.7  5.9  0.0  scaffold71773   97754  97787   (6133) + (TTGT)n           Simple_repeat           1     36    (0) 607  
   16   17.9  4.8  4.8  scaffold71773   99281  99342   (4578) + (ATACA)n          Simple_repeat           1     62    (0) 608  
   16   25.7  0.0  6.2  scaffold71773   99477  99544   (4376) + (TAATATA)n        Simple_repeat           1     64    (0) 609  
   31   17.6  1.4  2.7  scaffold71773  103410 103483    (437) + (TAT)n            Simple_repeat           1     73    (0) 610  
   30   23.1  3.4  1.1  scaffold71773  103806 103894     (26) + (ATT)n            Simple_repeat           1     91    (0) 611  
   27    0.0  0.0  0.0  scaffold71773  103895 103920      (0) + (TCAC)n           Simple_repeat           1     26    (0) 612  
   17   20.6  0.0  0.0  scaffold9504     3075   3108 (103535) + (T)n              Simple_repeat           1     34    (0) 613  
   14    4.9  0.0  0.0  scaffold9504     3810   3830 (102813) + (TCAA)n           Simple_repeat           1     21    (0) 614  
   12   23.1  0.0  0.0  scaffold9504     4518   4546 (102097) + (AGATTT)n         Simple_repeat           1     29    (0) 615  
   97    9.3  1.2  1.2  scaffold9504     4547   4710 (101933) + (AATG)n           Simple_repeat           1    164    (0) 616  
   15   24.5  0.0  2.3  scaffold9504     6780   6824  (99819) + (CGA)n            Simple_repeat           1     44    (0) 617  
   16   13.8  0.0  3.0  scaffold9504    12075  12108  (94535) + (TTGT)n           Simple_repeat           1     33    (0) 618  
   12   16.5  0.0  8.1  scaffold9504    12153  12192  (94451) + (ATTTATG)n        Simple_repeat           1     37    (0) 619  
   11   17.2  0.0 11.4  scaffold9504    16189  16237  (90406) + (TATGTAT)n        Simple_repeat           1     44    (0) 620  
   17   19.1  0.0  6.0  scaffold9504    24701  24753  (81890) + (AATAT)n          Simple_repeat           1     50    (0) 621  
   17   15.3  0.0  0.0  scaffold9504    28735  28763  (77880) + A-rich            Low_complexity          1     29    (0) 622  
   22   10.1  0.0  0.0  scaffold9504    37275  37306  (69337) + (AC)n             Simple_repeat           1     32    (0) 623 *
   27   18.4  0.0  1.9  scaffold9504    37306  37358  (69285) + (CT)n             Simple_repeat           1     52    (0) 624  
   14   20.7  0.0  2.5  scaffold9504    43217  43257  (63386) + A-rich            Low_complexity          1     40    (0) 625  
   18    6.2  5.9  0.0  scaffold9504    49634  49670  (56973) + (TTTTGTT)n        Simple_repeat           1     39    (0) 626  
   16   16.9  0.0  0.0  scaffold9504    49782  49814  (56829) + (AAT)n            Simple_repeat           1     33    (0) 627  
   16   24.2  0.0  0.0  scaffold9504    50945  50988  (55655) + (AATTTTA)n        Simple_repeat           1     44    (0) 628  
   13   24.6  2.0  2.0  scaffold9504    51094  51143  (55500) + (TTAACAA)n        Simple_repeat           1     50    (0) 629  
  233   12.5  0.0  5.0  scaffold9504    54689  54730  (51913) + Gypsy-16_CGi-I    LTR/Gypsy            2595   2634 (2284) 630  
   17   18.0  6.0  0.0  scaffold9504    55172  55221  (51422) + (ATAATCG)n        Simple_repeat           1     53    (0) 631  
   17    9.1  0.0  0.0  scaffold9504    58061  58084  (48559) + (CA)n             Simple_repeat           1     24    (0) 632  
   16   17.2  9.3  1.7  scaffold9504    64512  64565  (42078) + (AT)n             Simple_repeat           1     58    (0) 633  
  395   23.3  0.0  0.8  scaffold9504    73663  73792  (32851) + (CAGA)n           Simple_repeat           4    132    (0) 634  
   14   21.4  8.5  0.0  scaffold9504    73824  73882  (32761) + (TATAC)n          Simple_repeat           1     64    (0) 635  
  284   26.9  1.3  0.0  scaffold9504    79257  79334  (27309) C Mariner-N2_CGi    DNA/TcMar-Pogo       (96)     79      1 636  
   11   24.2  5.5  1.8  scaffold9504    80755  80809  (25834) + (AATACA)n         Simple_repeat           1     57    (0) 637  
  303   12.1  0.6  1.7  scaffold9504    81739  81915  (24728) + (GAAA)n           Simple_repeat           2    176    (0) 638  
   36    0.0  0.0  0.0  scaffold9504    81928  81958  (24685) + (GA)n             Simple_repeat           1     31    (0) 639  
   16   27.4  0.0  4.7  scaffold9504    86069  86135  (20508) + A-rich            Low_complexity          1     64    (0) 640  
   14   17.4  0.0  2.9  scaffold9504    92673  92707  (13936) + (TATT)n           Simple_repeat           1     34    (0) 641  
  226   24.2  1.5  1.5  scaffold9504    94478  94544  (12099) + Helitron-N3_CGi   RC/Helitron          2146   2212 (5127) 642  
  471   25.8  1.1  6.8  scaffold9504    98647  98833   (7810) + Mariner-3_CGi     DNA/TcMar-Mariner     658    834  (441) 643  
  409   25.0  0.0  0.0  scaffold9504    98847  98938   (7705) + Mariner-3_CGi     DNA/TcMar-Mariner    1111   1202   (73) 644  
   14   11.1  3.5  0.0  scaffold9504    99709  99737   (6906) + (AAAT)n           Simple_repeat           1     30    (0) 645  
   15   18.3  2.7  0.0  scaffold9504   102341 102377   (4266) + (ATTT)n           Simple_repeat           1     38    (0) 646  
   13   14.7  3.8  7.8  scaffold9504   102771 102823   (3820) + (ATTACAT)n        Simple_repeat           1     51    (0) 647  
   12   17.6  3.1  0.0  scaffold9504   102861 102892   (3751) + (ATAGT)n          Simple_repeat           1     33    (0) 648  
